<?xml version="1.0" encoding="UTF-8"?>
<!-- Generated by org.testng.reporters.JUnitReportReporter -->
<testsuite skipped="0" hostname="DESKTOP-3TMVG7F" name="Test.DemoIMDBMovies.IMDBDetails" tests="2" failures="0" timestamp="26 Jul 2018 15:05:09 GMT" time="23.461" errors="0">
  <testcase name="VerifyUiElementsAndTitle" time="0.065" classname="Test.DemoIMDBMovies.IMDBDetails"/>
  <testcase name="CaptureAndPrintMoviesData" time="23.396" classname="Test.DemoIMDBMovies.IMDBDetails"/>
</testsuite> <!-- Test.DemoIMDBMovies.IMDBDetails -->
