<?xml version="1.0" encoding="UTF-8"?>
<!-- Generated by org.testng.reporters.JUnitReportReporter -->
<testsuite skipped="0" hostname="DESKTOP-3TMVG7F" name="Test.DemoIMDBMovies.NewTest" tests="1" failures="0" timestamp="17 Jul 2018 04:54:44 GMT" time="0.007" errors="0">
  <testcase name="f" time="0.007" classname="Test.DemoIMDBMovies.NewTest"/>
</testsuite> <!-- Test.DemoIMDBMovies.NewTest -->
